<?xml version="1.0" encoding="UTF-8"?>
<testsuite xmlns:xsi="http://www.w3.org/2001/XMLSchema-instance" xsi:noNamespaceSchemaLocation="https://maven.apache.org/surefire/maven-surefire-plugin/xsd/surefire-test-report.xsd" name="TestSuite" time="161.49" tests="2" errors="0" skipped="0" failures="1">
  <properties>
[...]
</properties>
  <testcase name="LoginTest" classname="scripts.LoginPageTest" time="23.51"/>
  <testcase name="addPersonTest" classname="scripts.AddPersonPageTest" time="120.629">
    <failure message="Expected condition failed: waiting for visibility of Proxy element for: DefaultElementLocator &apos;By.xpath: //b[contains(text(), &apos;Person Status Detail&apos;)]&apos; (tried for 30 second(s) with 500 milliseconds interval)" type="org.openqa.selenium.TimeoutException">org.openqa.selenium.TimeoutException: Expected condition failed: waiting for visibility of Proxy element for: DefaultElementLocator 'By.xpath: //b[contains(text(), 'Person Status Detail')]' (tried for 30 second(s) with 500 milliseconds interval)
	at scripts.AddPersonPageTest.addPersonTest(AddPersonPageTest.java:61)
Caused by: org.openqa.selenium.NoSuchElementException: 
no such element: Unable to locate element: {"method":"xpath","selector":"//b[contains(text(), 'Person Status Detail')]"}
  (Session info: chrome=68.0.3440.106)
  (Driver info: chromedriver=2.41.578737 (49da6702b16031c40d63e5618de03a32ff6c197e),platform=Windows NT 6.1.7601 SP1 x86_64) (WARNING: The server did not provide any stacktrace information)
Command duration or timeout: 0 milliseconds
For documentation on this error, please visit: http://seleniumhq.org/exceptions/no_such_element.html
Build info: version: '3.13.0', revision: '2f0d292', time: '2018-06-25T15:24:21.231Z'
System info: host: 'STCBLR01LTP72', ip: '10.93.30.147', os.name: 'Windows 7', os.arch: 'amd64', os.version: '6.1', java.version: '1.8.0_121'
Driver info: org.openqa.selenium.chrome.ChromeDriver
Capabilities {acceptInsecureCerts: false, acceptSslCerts: false, applicationCacheEnabled: false, browserConnectionEnabled: false, browserName: chrome, chrome: {chromedriverVersion: 2.41.578737 (49da6702b16031..., userDataDir: C:\Users\swamysan\AppData\L...}, cssSelectorsEnabled: true, databaseEnabled: false, goog:chromeOptions: {debuggerAddress: localhost:55480}, handlesAlerts: true, hasTouchScreen: false, javascriptEnabled: true, locationContextEnabled: true, mobileEmulationEnabled: false, nativeEvents: true, networkConnectionEnabled: false, pageLoadStrategy: normal, platform: XP, platformName: XP, rotatable: false, setWindowRect: true, takesHeapSnapshot: true, takesScreenshot: true, unexpectedAlertBehaviour: , unhandledPromptBehavior: , version: 68.0.3440.106, webStorageEnabled: true}
Session ID: a2d6aca06d287d8b0179a948e1e91355
*** Element info: {Using=xpath, value=//b[contains(text(), 'Person Status Detail')]}
	at scripts.AddPersonPageTest.addPersonTest(AddPersonPageTest.java:61)
</failure>
    <system-out><![CDATA[2018-09-12 16:12:13 DEBUG cache:45 - Couldn't find template in cache for "Extent.ftl"("en_US", UTF-8, parsed); will try to load it.
2018-09-12 16:12:13 DEBUG cache:45 - TemplateLoader.findTemplateSource("Extent_en_US.ftl"): Not found
2018-09-12 16:12:13 DEBUG cache:45 - TemplateLoader.findTemplateSource("Extent_en.ftl"): Not found
2018-09-12 16:12:13 DEBUG cache:45 - TemplateLoader.findTemplateSource("Extent.ftl"): Found
2018-09-12 16:12:13 DEBUG cache:45 - Loading template for "Extent.ftl"("en_US", UTF-8, parsed) from "jar:file:/C:/Users/swamysan/.m2/repository/com/relevantcodes/extentreports/2.41.0/extentreports-2.41.0.jar!/com/relevantcodes/extentreports/view/Extent.ftl"
2018-09-12 16:12:14 INFO  TestBase:113 - before class is starting
2018-09-12 16:12:14 INFO  GenericClass:42 - loading log4j file
2018-09-12 16:12:14 INFO  GenericClass:42 - loading log4j file
2018-09-12 16:12:14 INFO  TestBase:53 - driver is initializing
2018-09-12 16:12:21 INFO  GenericClass:42 - loading log4j file
2018-09-12 16:12:21 INFO  GenericClass:42 - loading log4j file
2018-09-12 16:12:21 DEBUG AddPersonPageTest:42 - clicking on login button
2018-09-12 16:12:40 INFO  AddPersonPageTest:45 - home page displayed......
2018-09-12 16:12:40 INFO  AddPersonPageTest:48 - selecting customer
2018-09-12 16:13:03 INFO  AddPersonPageTest:50 - clicking on search vendor
2018-09-12 16:13:04 INFO  AddPersonPageTest:55 - clicking on abc contractor
2018-09-12 16:13:22 INFO  AddPersonPageTest:57 - Navigating to add new person page
]]></system-out>
    <system-err><![CDATA[Starting ChromeDriver 2.41.578737 (49da6702b16031c40d63e5618de03a32ff6c197e) on port 35613
Only local connections are allowed.
Sep 12, 2018 4:12:15 PM org.openqa.selenium.remote.ProtocolHandshake createSession
INFO: Detected dialect: OSS
]]></system-err>
  </testcase>
</testsuite>